<?xml version="1.0" encoding="UTF-8"?>
<!-- Generated by org.testng.reporters.JUnitReportReporter -->
<testsuite skipped="0" hostname="KPs-HP" name="com.nopcommece.testsuite.ElectronicsPageTest" tests="1" failures="0" timestamp="2022-12-13T22:28:34 GMT" time="49.330" errors="0">
  <testcase name="TheProductAddedSuccessfullyAndPlaceOrderSuccessfully" time="49.330" classname="com.nopcommece.testsuite.ElectronicsPageTest"/>
  <system-out>
    <![CDATA[Clicking on electronics menu and cell phone
Getting cell phone text
Clicking on list tab
click on nokia lumia [[ChromeDriver: chrome on WINDOWS (f6774a1434270c36228f29ccb7c1baf2)] -> xpath: //h2/a[contains(text(),'Nokia Lumia 1020')]]
get nokia text
get price for nokia 
Updating quantity to 2
add to the cart
getting message added to cart
Closing pop up
Clicking on go to cart
shopping cart message Shopping cart
Verifying quantity updated
verified total$698.00
Clicking on checkbox
Clicking on checkout box
verify welcome textWelcome, Please Sign In!
Clicking on register link
Verifying user is on registeration page
Selecting radio button
Filling mandatory fields
Filling mandatory fields
Selecting from drop down menu
Selecting from drop down menu
Selecting from drop down menu
Email generating to enter
Selecting press button
Getting expected message
Actual text for verification
Selecting press button
Getting expected message
Actual text for verification
Selecting check box
Selecting press button
Selecting from drop down menu
Filling mandatory fields
Filling mandatory fields
Filling mandatory fields
Filling mandatory fields
Selecting press button
Selecting radio button
Selecting press button
Selecting radio button
Selecting press button
Selecting from drop down menu
Filling mandatory fields
Filling mandatory fields
Selecting from drop down menu
Selecting from drop down menu
Filling mandatory fields
Selecting press button
Getting expected message
Actual text for verification
Getting expected message
Actual text for verification
Getting expected message
Actual text for verification
Getting expected message
Actual text for verification
Getting expected message
Actual text for verification
Selecting press button
Getting expected message
Actual text for verification
Getting expected message
Actual text for verification
Selecting press button
Getting expected message
Actual text for verification
Selecting press button
Verifying current URL]]>
  </system-out>
</testsuite> <!-- com.nopcommece.testsuite.ElectronicsPageTest -->
