<?xml version="1.0" encoding="UTF-8"?>
<!-- Generated by org.testng.reporters.JUnitReportReporter -->
<testsuite skipped="0" hostname="KPs-HP" name="com.nopcommece.testsuite.LoginPageTest" tests="1" failures="0" timestamp="2022-12-13T22:28:34 GMT" time="10.947" errors="0">
  <testcase name="verifyErrorMessageWithInvalidCredentials" time="10.947" classname="com.nopcommece.testsuite.LoginPageTest"/>
  <system-out>
    <![CDATA[click on login tabLog in
enter email idprime123@gmail.com
enter password prime123
Clicking on login button
Getting error message]]>
  </system-out>
</testsuite> <!-- com.nopcommece.testsuite.LoginPageTest -->
